

Microchip Technology PIC LITE Macro Assembler V1.12 build 49521 
                                                                                               Sun Feb 10 19:46:10 2013

HI-TECH Software Omniscient Code Generator (Lite mode) build 49521
     1  0000                     opt subtitle "HI-TECH Software Omniscient Code Generator (Lite mode) build 49521"
     2                           opt subtitle "HI-TECH Software Omniscient Code Generator (Lite mode) build 49521"
     3                           
     4                           opt pagewidth 120
     5                           
     6                           	opt lm
     7                           
     8                           	processor	12F675
     9                           clrc	macro
    10  0000                     	endm
    11                           opt subtitle "HI-TECH Software Omniscient Code Generator (Lite mode) build 49521"
    12                           
    13  0000                     	endm
    14                           opt subtitle "HI-TECH Software Omniscient Code Generator (Lite mode) build 49521"
    15                           
    16  0000                     	endm
    17                           opt subtitle "HI-TECH Software Omniscient Code Generator (Lite mode) build 49521"
    18                           
    19  0000                     	endm
    20                           opt subtitle "HI-TECH Software Omniscient Code Generator (Lite mode) build 49521"
    21                           
    22  0000                     	endm
    23                           opt subtitle "HI-TECH Software Omniscient Code Generator (Lite mode) build 49521"
    24                           
    25  0000                     	endm
    26                           opt subtitle "HI-TECH Software Omniscient Code Generator (Lite mode) build 49521"
    27                           
    28  0000                     	endm
    29                           opt subtitle "HI-TECH Software Omniscient Code Generator (Lite mode) build 49521"
    30                           
    31  0000                     	endm
    32  0000                     indf	equ	0
    33  0000                     indf0	equ	0
    34  0002                     pc	equ	2
    35  0002                     pcl	equ	2
    36  0003                     status	equ	3
    37  0004                     fsr	equ	4
    38  0004                     fsr0	equ	4
    39  0001                     c	equ	1
    40  0000                     z	equ	0
    41  000A                     pclath	equ	10
    42                           opt subtitle "HI-TECH Software Omniscient Code Generator (Lite mode) build 49521"
    43  0000                     INDF equ 00h ;# 
    44                           opt subtitle "HI-TECH Software Omniscient Code Generator (Lite mode) build 49521"
    45  0001                     TMR0 equ 01h ;# 
    46                           opt subtitle "HI-TECH Software Omniscient Code Generator (Lite mode) build 49521"
    47  0002                     PCL equ 02h ;# 
    48                           opt subtitle "HI-TECH Software Omniscient Code Generator (Lite mode) build 49521"
    49  0003                     STATUS equ 03h ;# 
    50                           opt subtitle "HI-TECH Software Omniscient Code Generator (Lite mode) build 49521"
    51  0004                     FSR equ 04h ;# 
    52                           opt subtitle "HI-TECH Software Omniscient Code Generator (Lite mode) build 49521"
    53  0005                     GPIO equ 05h ;# 
    54                           opt subtitle "HI-TECH Software Omniscient Code Generator (Lite mode) build 49521"
    55  000A                     PCLATH equ 0Ah ;# 
    56                           opt subtitle "HI-TECH Software Omniscient Code Generator (Lite mode) build 49521"
    57  000B                     INTCON equ 0Bh ;# 
    58                           opt subtitle "HI-TECH Software Omniscient Code Generator (Lite mode) build 49521"
    59  000C                     PIR1 equ 0Ch ;# 
    60                           opt subtitle "HI-TECH Software Omniscient Code Generator (Lite mode) build 49521"
    61  000E                     TMR1 equ 0Eh ;# 
    62                           opt subtitle "HI-TECH Software Omniscient Code Generator (Lite mode) build 49521"
    63  000E                     TMR1L equ 0Eh ;# 
    64                           opt subtitle "HI-TECH Software Omniscient Code Generator (Lite mode) build 49521"
    65  000F                     TMR1H equ 0Fh ;# 
    66                           opt subtitle "HI-TECH Software Omniscient Code Generator (Lite mode) build 49521"
    67  0010                     T1CON equ 010h ;# 
    68                           opt subtitle "HI-TECH Software Omniscient Code Generator (Lite mode) build 49521"
    69  0019                     CMCON equ 019h ;# 
    70                           opt subtitle "HI-TECH Software Omniscient Code Generator (Lite mode) build 49521"
    71  001E                     ADRESH equ 01Eh ;# 
    72                           opt subtitle "HI-TECH Software Omniscient Code Generator (Lite mode) build 49521"
    73  001F                     ADCON0 equ 01Fh ;# 
    74                           opt subtitle "HI-TECH Software Omniscient Code Generator (Lite mode) build 49521"
    75  0081                     OPTION_REG equ 081h ;# 
    76                           opt subtitle "HI-TECH Software Omniscient Code Generator (Lite mode) build 49521"
    77  0085                     TRISIO equ 085h ;# 
    78                           opt subtitle "HI-TECH Software Omniscient Code Generator (Lite mode) build 49521"
    79  008C                     PIE1 equ 08Ch ;# 
    80                           opt subtitle "HI-TECH Software Omniscient Code Generator (Lite mode) build 49521"
    81  008E                     PCON equ 08Eh ;# 
    82                           opt subtitle "HI-TECH Software Omniscient Code Generator (Lite mode) build 49521"
    83  0090                     OSCCAL equ 090h ;# 
    84                           opt subtitle "HI-TECH Software Omniscient Code Generator (Lite mode) build 49521"
    85  0095                     WPU equ 095h ;# 
    86                           opt subtitle "HI-TECH Software Omniscient Code Generator (Lite mode) build 49521"
    87  0096                     IOC equ 096h ;# 
    88                           opt subtitle "HI-TECH Software Omniscient Code Generator (Lite mode) build 49521"
    89  0096                     IOCB equ 096h ;# 
    90                           opt subtitle "HI-TECH Software Omniscient Code Generator (Lite mode) build 49521"
    91  0099                     VRCON equ 099h ;# 
    92                           opt subtitle "HI-TECH Software Omniscient Code Generator (Lite mode) build 49521"
    93  009A                     EEDATA equ 09Ah ;# 
    94                           opt subtitle "HI-TECH Software Omniscient Code Generator (Lite mode) build 49521"
    95  009A                     EEDAT equ 09Ah ;# 
    96                           opt subtitle "HI-TECH Software Omniscient Code Generator (Lite mode) build 49521"
    97  009B                     EEADR equ 09Bh ;# 
    98                           opt subtitle "HI-TECH Software Omniscient Code Generator (Lite mode) build 49521"
    99  009C                     EECON1 equ 09Ch ;# 
   100                           opt subtitle "HI-TECH Software Omniscient Code Generator (Lite mode) build 49521"
   101  009D                     EECON2 equ 09Dh ;# 
   102                           opt subtitle "HI-TECH Software Omniscient Code Generator (Lite mode) build 49521"
   103  009E                     ADRESL equ 09Eh ;# 
   104                           opt subtitle "HI-TECH Software Omniscient Code Generator (Lite mode) build 49521"
   105  009F                     ANSEL equ 09Fh ;# 
   106                           opt subtitle "HI-TECH Software Omniscient Code Generator (Lite mode) build 49521"
   107                           
   108                           opt pagewidth 120
   109                           
   110                           	opt lm
   111                           
   112                           	processor	12F675
   113                           clrc	macro
   114                           	bcf	3,0
   115                           	endm
   116                           clrz	macro
   117                           	bcf	3,2
   118                           	endm
   119  000E                     _TMR1	set	0xE
   120                           opt subtitle "HI-TECH Software Omniscient Code Generator (Lite mode) build 49521"
   121  005F                     _GIE	set	0x5F
   122                           opt subtitle "HI-TECH Software Omniscient Code Generator (Lite mode) build 49521"
   123  0029                     _GPIO1	set	0x29
   124                           opt subtitle "HI-TECH Software Omniscient Code Generator (Lite mode) build 49521"
   125  005C                     _INTE	set	0x5C
   126                           opt subtitle "HI-TECH Software Omniscient Code Generator (Lite mode) build 49521"
   127  0059                     _INTF	set	0x59
   128                           opt subtitle "HI-TECH Software Omniscient Code Generator (Lite mode) build 49521"
   129  005E                     _PEIE	set	0x5E
   130                           opt subtitle "HI-TECH Software Omniscient Code Generator (Lite mode) build 49521"
   131  0084                     _T1CKPS0	set	0x84
   132                           opt subtitle "HI-TECH Software Omniscient Code Generator (Lite mode) build 49521"
   133  0085                     _T1CKPS1	set	0x85
   134                           opt subtitle "HI-TECH Software Omniscient Code Generator (Lite mode) build 49521"
   135  0081                     _TMR1CS	set	0x81
   136                           opt subtitle "HI-TECH Software Omniscient Code Generator (Lite mode) build 49521"
   137  0086                     _TMR1GE	set	0x86
   138                           opt subtitle "HI-TECH Software Omniscient Code Generator (Lite mode) build 49521"
   139  0060                     _TMR1IF	set	0x60
   140                           opt subtitle "HI-TECH Software Omniscient Code Generator (Lite mode) build 49521"
   141  0080                     _TMR1ON	set	0x80
   142                           opt subtitle "HI-TECH Software Omniscient Code Generator (Lite mode) build 49521"
   143  009F                     _ANSEL	set	0x9F
   144                           opt subtitle "HI-TECH Software Omniscient Code Generator (Lite mode) build 49521"
   145  0095                     _WPU	set	0x95
   146                           opt subtitle "HI-TECH Software Omniscient Code Generator (Lite mode) build 49521"
   147  040E                     _INTEDG	set	0x40E
   148                           opt subtitle "HI-TECH Software Omniscient Code Generator (Lite mode) build 49521"
   149  040B                     _PSA	set	0x40B
   150                           opt subtitle "HI-TECH Software Omniscient Code Generator (Lite mode) build 49521"
   151  0460                     _TMR1IE	set	0x460
   152                           opt subtitle "HI-TECH Software Omniscient Code Generator (Lite mode) build 49521"
   153  0429                     _TRISIO1	set	0x429
   154                           opt subtitle "HI-TECH Software Omniscient Code Generator (Lite mode) build 49521"
   155  042A                     _TRISIO2	set	0x42A
   156                           opt subtitle "HI-TECH Software Omniscient Code Generator (Lite mode) build 49521"
   157  0470                     _nBOD	set	0x470
   158                           opt subtitle "HI-TECH Software Omniscient Code Generator (Lite mode) build 49521"
   159  0470                     _nBOR	set	0x470
   160                           opt subtitle "HI-TECH Software Omniscient Code Generator (Lite mode) build 49521"
   161  040F                     _nGPPU	set	0x40F
   162                           opt subtitle "HI-TECH Software Omniscient Code Generator (Lite mode) build 49521"
   163  0471                     _nPOR	set	0x471
   164                           opt subtitle "HI-TECH Software Omniscient Code Generator (Lite mode) build 49521"
   165                           
   166  0000                     __ptext146:	;psect for function _idle_loop
   167                           opt subtitle "HI-TECH Software Omniscient Code Generator (Lite mode) build 49521"
   168                           
   169  0000                     __CFG_BOREN$OFF equ 0x0
   170                           opt subtitle "HI-TECH Software Omniscient Code Generator (Lite mode) build 49521"
   171  0000                     __CFG_CPD$OFF equ 0x0
   172                           opt subtitle "HI-TECH Software Omniscient Code Generator (Lite mode) build 49521"
   173  0000                     __CFG_FOSC$INTRCIO equ 0x0
   174                           opt subtitle "HI-TECH Software Omniscient Code Generator (Lite mode) build 49521"
   175  0000                     __CFG_MCLRE$OFF equ 0x0
   176                           opt subtitle "HI-TECH Software Omniscient Code Generator (Lite mode) build 49521"
   177  0000                     __CFG_WDTE$OFF equ 0x0
   178                           opt subtitle "HI-TECH Software Omniscient Code Generator (Lite mode) build 49521"
   179  0000                     __CFG_CP$OFF equ 0x0
   180                           opt subtitle "HI-TECH Software Omniscient Code Generator (Lite mode) build 49521"
   181  0000                     __CFG_PWRTE$OFF equ 0x0
   182                           opt subtitle "HI-TECH Software Omniscient Code Generator (Lite mode) build 49521"
   183                           
   184                           opt pagewidth 120
   185                           
   186  00FA                     start_initialization:
   187                           opt subtitle "HI-TECH Software Omniscient Code Generator (Lite mode) build 49521"
   188                           
   189  00FA                     __initialization:
   190                           opt subtitle "HI-TECH Software Omniscient Code Generator (Lite mode) build 49521"
   191                           
   192  002C                     __pbssBANK0:
   193  002C                     _count:
   194  002C                            ds      4
   195                           opt subtitle "HI-TECH Software Omniscient Code Generator (Lite mode) build 49521"
   196                           
   197                           opt pagewidth 120
   198  00FA  01AC               	clrf	((__pbssBANK0)+0)&07Fh
   199  00FB  01AD               	clrf	((__pbssBANK0)+1)&07Fh
   200  00FC  01AE               	clrf	((__pbssBANK0)+2)&07Fh
   201  00FD  01AF               	clrf	((__pbssBANK0)+3)&07Fh
   202                           opt subtitle "HI-TECH Software Omniscient Code Generator (Lite mode) build 49521"
   203                           
   204                           opt pagewidth 120
   205                           
   206                           	opt lm
   207  00FE                     end_of_initialization:
   208  00FE                     __end_of__initialization:clrf status
      + 00FE  0183               	clrf	3
   209  00FF  290A               ljmp _main	;jump to C main() function
   210                           opt subtitle "HI-TECH Software Omniscient Code Generator (Lite mode) build 49521"
   211                           
   212  0000                     __pcstackCOMMON:
   213  0000                     ??_stop:	; 0 bytes @ 0x0
   214  0000                     ??_reset:	; 0 bytes @ 0x0
   215  0000                     ??_main:	; 0 bytes @ 0x0
   216  0000                     ??_blink:	; 0 bytes @ 0x0
   217  0000                     ??_start:	; 0 bytes @ 0x0
   218  0000                     ??_idle_loop:	; 0 bytes @ 0x0
   219                           opt subtitle "HI-TECH Software Omniscient Code Generator (Lite mode) build 49521"
   220                           
   221  0020                     __pcstackBANK0:
   222  0020                     ?_stop:	; 0 bytes @ 0x0
   223  0020                     ?_reset:	; 0 bytes @ 0x0
   224  0020                     ?_blink:	; 0 bytes @ 0x0
   225  0020                     ?_start:	; 0 bytes @ 0x0
   226  0020                     ?_idle_loop:	; 0 bytes @ 0x0
   227  0020                     ?_ISR:	; 0 bytes @ 0x0
   228                           opt subtitle "HI-TECH Software Omniscient Code Generator (Lite mode) build 49521"
   229  0020                     blink@tmp:	; 2 bytes @ 0x0
   230  0020                     	ds	2
   231  0022                     ??_ISR:	; 0 bytes @ 0x2
   232  0022                     	ds	4
   233                           opt subtitle "HI-TECH Software Omniscient Code Generator (Lite mode) build 49521"
   234  0026                     ISR@tmp:	; 2 bytes @ 0x6
   235  0026                     	ds	2
   236  0028                     ?_main:	; 2 bytes @ 0x8
   237  0028                     main@argc:	; 2 bytes @ 0x8
   238  0028                     	ds	2
   239  002A                     main@argv:	; 2 bytes @ 0xA
   240  002A                     	ds	2
   241                           opt subtitle "HI-TECH Software Omniscient Code Generator (Lite mode) build 49521"
   242                           
   243                           opt pagewidth 120
   244                           
   245                           	opt lm
   246                           
   247                           	processor	12F675
   248                           clrc	macro
   249                           	bcf	3,0
   250                           	endm
   251                           clrz	macro
   252                           	bcf	3,2
   253                           	endm
   254                           setc	macro
   255                           	bsf	3,0
   256                           	endm
   257                           setz	macro
   258                           	bsf	3,2
   259                           	endm
   260                           skipc	macro
   261                           	btfss	3,0
   262                           	endm
   263                           skipz	macro
   264                           	btfss	3,2
   265                           	endm
   266                           skipnc	macro
   267                           	btfsc	3,0
   268                           	endm
   269                           skipnz	macro
   270                           	btfsc	3,2
   271                           	endm
   272                           indf	equ	0
   273                           indf0	equ	0
   274                           pc	equ	2
   275                           pcl	equ	2
   276                           status	equ	3
   277                           fsr	equ	4
   278                           fsr0	equ	4
   279                           c	equ	1
   280                           z	equ	0
   281                           pclath	equ	10
   282                           # 46 "/opt/microchip/xc8/v1.12/include/pic12f675.h"
   283                           INDF equ 00h ;# 
   284                           # 65 "/opt/microchip/xc8/v1.12/include/pic12f675.h"
   285                           TMR0 equ 01h ;# 
   286                           # 84 "/opt/microchip/xc8/v1.12/include/pic12f675.h"
   287                           PCL equ 02h ;# 
   288                           # 103 "/opt/microchip/xc8/v1.12/include/pic12f675.h"
   289                           STATUS equ 03h ;# 
   290                           # 190 "/opt/microchip/xc8/v1.12/include/pic12f675.h"
   291                           FSR equ 04h ;# 
   292                           # 209 "/opt/microchip/xc8/v1.12/include/pic12f675.h"
   293                           GPIO equ 05h ;# 
   294                           # 296 "/opt/microchip/xc8/v1.12/include/pic12f675.h"
   295                           PCLATH equ 0Ah ;# 
   296                           # 315 "/opt/microchip/xc8/v1.12/include/pic12f675.h"
   297                           INTCON equ 0Bh ;# 
   298                           # 392 "/opt/microchip/xc8/v1.12/include/pic12f675.h"
   299                           PIR1 equ 0Ch ;# 
   300                           # 439 "/opt/microchip/xc8/v1.12/include/pic12f675.h"
   301                           TMR1 equ 0Eh ;# 
   302                           # 445 "/opt/microchip/xc8/v1.12/include/pic12f675.h"
   303                           TMR1L equ 0Eh ;# 
   304                           # 464 "/opt/microchip/xc8/v1.12/include/pic12f675.h"
   305                           TMR1H equ 0Fh ;# 
   306                           # 483 "/opt/microchip/xc8/v1.12/include/pic12f675.h"
   307                           T1CON equ 010h ;# 
   308                           # 547 "/opt/microchip/xc8/v1.12/include/pic12f675.h"
   309                           CMCON equ 019h ;# 
   310                           # 605 "/opt/microchip/xc8/v1.12/include/pic12f675.h"
   311                           ADRESH equ 01Eh ;# 
   312                           # 624 "/opt/microchip/xc8/v1.12/include/pic12f675.h"
   313                           ADCON0 equ 01Fh ;# 
   314                           # 707 "/opt/microchip/xc8/v1.12/include/pic12f675.h"
   315                           OPTION_REG equ 081h ;# 
   316                           # 776 "/opt/microchip/xc8/v1.12/include/pic12f675.h"
   317                           TRISIO equ 085h ;# 
   318                           # 825 "/opt/microchip/xc8/v1.12/include/pic12f675.h"
   319                           PIE1 equ 08Ch ;# 
   320                           # 872 "/opt/microchip/xc8/v1.12/include/pic12f675.h"
   321                           PCON equ 08Eh ;# 
   322                           # 905 "/opt/microchip/xc8/v1.12/include/pic12f675.h"
   323                           OSCCAL equ 090h ;# 
   324                           # 964 "/opt/microchip/xc8/v1.12/include/pic12f675.h"
   325                           WPU equ 095h ;# 
   326                           # 1008 "/opt/microchip/xc8/v1.12/include/pic12f675.h"
   327                           IOC equ 096h ;# 
   328                           # 1013 "/opt/microchip/xc8/v1.12/include/pic12f675.h"
   329                           IOCB equ 096h ;# 
   330                           # 1181 "/opt/microchip/xc8/v1.12/include/pic12f675.h"
   331                           VRCON equ 099h ;# 
   332                           # 1240 "/opt/microchip/xc8/v1.12/include/pic12f675.h"
   333                           EEDATA equ 09Ah ;# 
   334                           # 1245 "/opt/microchip/xc8/v1.12/include/pic12f675.h"
   335                           EEDAT equ 09Ah ;# 
   336                           # 1277 "/opt/microchip/xc8/v1.12/include/pic12f675.h"
   337                           EEADR equ 09Bh ;# 
   338                           # 1296 "/opt/microchip/xc8/v1.12/include/pic12f675.h"
   339                           EECON1 equ 09Ch ;# 
   340                           # 1333 "/opt/microchip/xc8/v1.12/include/pic12f675.h"
   341                           EECON2 equ 09Dh ;# 
   342                           # 1352 "/opt/microchip/xc8/v1.12/include/pic12f675.h"
   343                           ADRESL equ 09Eh ;# 
   344                           # 1371 "/opt/microchip/xc8/v1.12/include/pic12f675.h"
   345                           ANSEL equ 09Fh ;# 
   346                           	FNROOT	_main
   347                           	FNCALL	_ISR,_idle_loop
   348                           	FNCALL	_ISR,_stop
   349                           	FNCALL	_ISR,_reset
   350                           	FNCALL	_ISR,_blink
   351                           	FNCALL	_ISR,_start
   352                           	FNCALL	_start,_stop
   353                           	FNCALL	_start,_reset
   354                           	FNCALL	intlevel1,_ISR
   355                           	global	intlevel1
   356                           	FNROOT	intlevel1
   357                           	global	_count
   358                           	global	_TMR1
   359                           _TMR1	set	0xE
   360                           	global	_GIE
   361                           _GIE	set	0x5F
   362                           	global	_GPIO1
   363                           _GPIO1	set	0x29
   364                           	global	_INTE
   365                           _INTE	set	0x5C
   366                           	global	_INTF
   367                           _INTF	set	0x59
   368                           	global	_PEIE
   369                           _PEIE	set	0x5E
   370                           	global	_T1CKPS0
   371                           _T1CKPS0	set	0x84
   372                           	global	_T1CKPS1
   373                           _T1CKPS1	set	0x85
   374                           	global	_TMR1CS
   375                           _TMR1CS	set	0x81
   376                           	global	_TMR1GE
   377                           _TMR1GE	set	0x86
   378                           	global	_TMR1IF
   379                           _TMR1IF	set	0x60
   380                           	global	_TMR1ON
   381                           _TMR1ON	set	0x80
   382                           	global	_ANSEL
   383                           _ANSEL	set	0x9F
   384  010A                     __pmaintext:	;psect for function _main
   385                           opt subtitle "HI-TECH Software Omniscient Code Generator (Lite mode) build 49521"
   386                           
   387                           opt pagewidth 120
   388                           
   389  0001                     	__size_of_main	equ	__end_of_main-_main
   390                           opt subtitle "HI-TECH Software Omniscient Code Generator (Lite mode) build 49521"
   391  010A                     _main:	
   392                           opt subtitle "HI-TECH Software Omniscient Code Generator (Lite mode) build 49521"
   393                           
   394                           opt pagewidth 120
   395                           
   396  010A                     l666:	
   397                           opt subtitle "HI-TECH Software Omniscient Code Generator (Lite mode) build 49521"
   398                           
   399                           opt pagewidth 120
   400                           
   401  010A                     l55:	
   402                           opt subtitle "HI-TECH Software Omniscient Code Generator (Lite mode) build 49521"
   403  010A  280F               	ljmp	start
   404                           opt subtitle "HI-TECH Software Omniscient Code Generator (Lite mode) build 49521"
   405                           
   406  010B                     	__end_of_main:
   407                           opt subtitle "HI-TECH Software Omniscient Code Generator (Lite mode) build 49521"
   408                           
   409                           opt pagewidth 120
   410                           
   411                           	opt lm
   412                           
   413                           	processor	12F675
   414                           clrc	macro
   415                           	bcf	3,0
   416                           	endm
   417                           clrz	macro
   418                           	bcf	3,2
   419                           	endm
   420                           setc	macro
   421                           	bsf	3,0
   422                           	endm
   423                           setz	macro
   424                           	bsf	3,2
   425                           	endm
   426                           skipc	macro
   427                           	btfss	3,0
   428                           	endm
   429                           skipz	macro
   430                           	btfss	3,2
   431                           	endm
   432                           skipnc	macro
   433                           	btfsc	3,0
   434                           	endm
   435                           skipnz	macro
   436                           	btfsc	3,2
   437                           	endm
   438                           indf	equ	0
   439                           indf0	equ	0
   440                           pc	equ	2
   441                           pcl	equ	2
   442                           status	equ	3
   443                           fsr	equ	4
   444                           fsr0	equ	4
   445  0014                     __ptext147:	;psect for function _ISR
   446                           opt subtitle "HI-TECH Software Omniscient Code Generator (Lite mode) build 49521"
   447                           
   448                           opt pagewidth 120
   449                           
   450  00B4                     	__size_of_ISR	equ	__end_of_ISR-_ISR
   451                           opt subtitle "HI-TECH Software Omniscient Code Generator (Lite mode) build 49521"
   452  0014                     _ISR:	
   453                           opt subtitle "HI-TECH Software Omniscient Code Generator (Lite mode) build 49521"
   454                           
   455                           opt pagewidth 120
   456                           
   457  0004                     __pintentry:
   458                           opt subtitle "HI-TECH Software Omniscient Code Generator (Lite mode) build 49521"
   459  0004                     interrupt_function:
   460                           opt subtitle "HI-TECH Software Omniscient Code Generator (Lite mode) build 49521"
   461  005E                     	saved_w	set	btemp+0
   462  0004  00DE               	movwf	saved_w
   463  0005  0E03               	swapf	status,w
   464  0006  1283               	bcf	status, 5	;RP0=0, select bank0
   465  0007  00A2               	movwf	(??_ISR+0)
   466  0008  0804               	movf	fsr0,w
   467  0009  00A3               	movwf	(??_ISR+1)
   468  000A  080A               	movf	pclath,w
   469  000B  00A4               	movwf	(??_ISR+2)
   470  000C  085F               	movf	btemp+1,w
   471  000D  00A5               	movwf	(??_ISR+3)
   472  000E  2814               	ljmp	_ISR
   473                           opt subtitle "HI-TECH Software Omniscient Code Generator (Lite mode) build 49521"
   474                           
   475                           opt pagewidth 120
   476  0014                     i1l692:	
   477                           opt subtitle "HI-TECH Software Omniscient Code Generator (Lite mode) build 49521"
   478  0014  1683               	bsf	status, 5	;RP0=1, select bank1
   479  0015  1C0C               	btfss	(1120/8)^080h,(1120)&7	;volatile
   480  0016  2818               	goto	u12_21
   481  0017  2819               	goto	u12_20
   482  0018                     u12_21:
   483  0018  288B               	goto	i1l720
   484  0019                     u12_20:
   485                           opt subtitle "HI-TECH Software Omniscient Code Generator (Lite mode) build 49521"
   486  0019                     i1l694:	
   487  0019  1283               	bcf	status, 5	;RP0=0, select bank0
   488  001A  1C0C               	btfss	(96/8),(96)&7	;volatile
   489  001B  281D               	goto	u13_21
   490  001C  281E               	goto	u13_20
   491  001D                     u13_21:
   492  001D  288B               	goto	i1l720
   493  001E                     u13_20:
   494                           opt subtitle "HI-TECH Software Omniscient Code Generator (Lite mode) build 49521"
   495                           
   496  001E                     i1l696:	
   497                           opt subtitle "HI-TECH Software Omniscient Code Generator (Lite mode) build 49521"
   498                           
   499  001E  100C               	bcf	(96/8),(96)&7	;volatile
   500                           opt subtitle "HI-TECH Software Omniscient Code Generator (Lite mode) build 49521"
   501                           
   502  001F  1010               	bcf	(128/8),(128)&7	;volatile
   503                           opt subtitle "HI-TECH Software Omniscient Code Generator (Lite mode) build 49521"
   504                           
   505  0020                     i1l698:	
   506                           opt subtitle "HI-TECH Software Omniscient Code Generator (Lite mode) build 49521"
   507  0020  3001               	movlw	01h
   508  0021  07AC               	addwf	(_count),f
   509  0022  3000               	movlw	0
   510  0023  1803               	skipnc
   511  0024  3001               movlw 1
   512  0025  07AD               	addwf	(_count+1),f
   513  0026  3000               	movlw	0
   514  0027  1803               	skipnc
   515  0028  3001               movlw 1
   516  0029  07AE               	addwf	(_count+2),f
   517  002A  3000               	movlw	0
   518  002B  1803               	skipnc
   519  002C  3001               movlw 1
   520  002D  07AF               	addwf	(_count+3),f
   521  002E  3000               	movlw	0
   522  002F  062F               	xorwf	((_count+3)),w
   523  0030  1D03               	skipz
   524  0031  283C               	goto	u14_25
   525  0032  3000               	movlw	0
   526  0033  062E               	xorwf	((_count+2)),w
   527  0034  1D03               	skipz
   528  0035  283C               	goto	u14_25
   529  0036  3000               	movlw	0
   530  0037  062D               	xorwf	((_count+1)),w
   531  0038  1D03               	skipz
   532  0039  283C               	goto	u14_25
   533  003A  3001               	movlw	01h
   534  003B  062C               	xorwf	((_count)),w
   535  003C                     u14_25:
   536  003C  1D03               	skipz
   537  003D  283F               	goto	u14_21
   538  003E  2840               	goto	u14_20
   539  003F                     u14_21:
   540  003F  2847               	goto	i1l704
   541  0040                     u14_20:
   542                           opt subtitle "HI-TECH Software Omniscient Code Generator (Lite mode) build 49521"
   543                           
   544  0040                     i1l700:	
   545                           opt subtitle "HI-TECH Software Omniscient Code Generator (Lite mode) build 49521"
   546                           
   547  0040  309F               	movlw	high(09FFFh)
   548  0041  008F               	movwf	(14+1)	;volatile
   549  0042  30FF               	movlw	low(09FFFh)
   550  0043  008E               	movwf	(14)	;volatile
   551                           opt subtitle "HI-TECH Software Omniscient Code Generator (Lite mode) build 49521"
   552                           
   553  0044  1410               	bsf	(128/8),(128)&7	;volatile
   554                           opt subtitle "HI-TECH Software Omniscient Code Generator (Lite mode) build 49521"
   555                           
   556  0045                     i1l702:	
   557                           opt subtitle "HI-TECH Software Omniscient Code Generator (Lite mode) build 49521"
   558  0045  2108               	fcall	_idle_loop
   559                           opt subtitle "HI-TECH Software Omniscient Code Generator (Lite mode) build 49521"
   560                           
   561  0046  288B               	goto	i1l720
   562                           opt subtitle "HI-TECH Software Omniscient Code Generator (Lite mode) build 49521"
   563                           
   564  0047                     i1l86:	
   565                           opt subtitle "HI-TECH Software Omniscient Code Generator (Lite mode) build 49521"
   566  0047                     i1l704:	
   567                           opt subtitle "HI-TECH Software Omniscient Code Generator (Lite mode) build 49521"
   568  0047  3001               	movlw	01h
   569  0048  1283               	bcf	status, 5	;RP0=0, select bank0
   570  0049  07AC               	addwf	(_count),f
   571  004A  3000               	movlw	0
   572  004B  1803               	skipnc
   573  004C  3001               movlw 1
   574  004D  07AD               	addwf	(_count+1),f
   575  004E  3000               	movlw	0
   576  004F  1803               	skipnc
   577  0050  3001               movlw 1
   578  0051  07AE               	addwf	(_count+2),f
   579  0052  3000               	movlw	0
   580  0053  1803               	skipnc
   581  0054  3001               movlw 1
   582  0055  07AF               	addwf	(_count+3),f
   583  0056  3000               	movlw	0
   584  0057  022F               	subwf	((_count+3)),w
   585  0058  1D03               	skipz
   586  0059  2864               	goto	u15_25
   587  005A  3000               	movlw	0
   588  005B  022E               	subwf	((_count+2)),w
   589  005C  1D03               	skipz
   590  005D  2864               	goto	u15_25
   591  005E  3000               	movlw	0
   592  005F  022D               	subwf	((_count+1)),w
   593  0060  1D03               	skipz
   594  0061  2864               	goto	u15_25
   595  0062  3002               	movlw	02h
   596  0063  022C               	subwf	((_count)),w
   597  0064                     u15_25:
   598  0064  1C03               	skipc
   599  0065  2867               	goto	u15_21
   600  0066  2868               	goto	u15_20
   601  0067                     u15_21:
   602  0067  286C               	goto	i1l712
   603  0068                     u15_20:
   604                           opt subtitle "HI-TECH Software Omniscient Code Generator (Lite mode) build 49521"
   605                           
   606  0068                     i1l706:	
   607                           opt subtitle "HI-TECH Software Omniscient Code Generator (Lite mode) build 49521"
   608                           
   609  0068  2105               	fcall	_stop
   610                           opt subtitle "HI-TECH Software Omniscient Code Generator (Lite mode) build 49521"
   611                           
   612  0069                     i1l708:	
   613                           opt subtitle "HI-TECH Software Omniscient Code Generator (Lite mode) build 49521"
   614  0069  20EC               	fcall	_reset
   615                           opt subtitle "HI-TECH Software Omniscient Code Generator (Lite mode) build 49521"
   616                           
   617  006A                     i1l710:	
   618                           opt subtitle "HI-TECH Software Omniscient Code Generator (Lite mode) build 49521"
   619  006A  20C8               	fcall	_blink
   620                           opt subtitle "HI-TECH Software Omniscient Code Generator (Lite mode) build 49521"
   621                           
   622  006B  288B               	goto	i1l720
   623                           opt subtitle "HI-TECH Software Omniscient Code Generator (Lite mode) build 49521"
   624                           
   625  006C                     i1l88:	
   626                           opt subtitle "HI-TECH Software Omniscient Code Generator (Lite mode) build 49521"
   627  006C                     i1l712:	
   628                           opt subtitle "HI-TECH Software Omniscient Code Generator (Lite mode) build 49521"
   629  006C  3001               	movlw	01h
   630  006D  1283               	bcf	status, 5	;RP0=0, select bank0
   631  006E  07AC               	addwf	(_count),f
   632  006F  3000               	movlw	0
   633  0070  1803               	skipnc
   634  0071  3001               movlw 1
   635  0072  07AD               	addwf	(_count+1),f
   636  0073  3000               	movlw	0
   637  0074  1803               	skipnc
   638  0075  3001               movlw 1
   639  0076  07AE               	addwf	(_count+2),f
   640  0077  3000               	movlw	0
   641  0078  1803               	skipnc
   642  0079  3001               movlw 1
   643  007A  07AF               	addwf	(_count+3),f
   644  007B  082F               	movf	((_count+3)),w
   645  007C  042E               	iorwf	((_count+2)),w
   646  007D  042D               	iorwf	((_count+1)),w
   647  007E  042C               	iorwf	((_count)),w
   648  007F  1D03               	skipz
   649  0080  2882               	goto	u16_21
   650  0081  2883               	goto	u16_20
   651  0082                     u16_21:
   652  0082  288B               	goto	i1l720
   653  0083                     u16_20:
   654                           opt subtitle "HI-TECH Software Omniscient Code Generator (Lite mode) build 49521"
   655                           
   656  0083                     i1l714:	
   657                           opt subtitle "HI-TECH Software Omniscient Code Generator (Lite mode) build 49521"
   658                           
   659  0083  018E               	clrf	(14)	;volatile
   660  0084  018F               	clrf	(14+1)	;volatile
   661                           opt subtitle "HI-TECH Software Omniscient Code Generator (Lite mode) build 49521"
   662                           
   663  0085                     i1l716:	
   664                           opt subtitle "HI-TECH Software Omniscient Code Generator (Lite mode) build 49521"
   665  0085  1410               	bsf	(128/8),(128)&7	;volatile
   666                           opt subtitle "HI-TECH Software Omniscient Code Generator (Lite mode) build 49521"
   667                           
   668  0086                     i1l718:	
   669                           opt subtitle "HI-TECH Software Omniscient Code Generator (Lite mode) build 49521"
   670  0086  2108               	fcall	_idle_loop
   671  0087  288B               	goto	i1l720
   672                           opt subtitle "HI-TECH Software Omniscient Code Generator (Lite mode) build 49521"
   673                           
   674  0088                     i1l90:	
   675  0088  288B               	goto	i1l720
   676                           opt subtitle "HI-TECH Software Omniscient Code Generator (Lite mode) build 49521"
   677                           
   678  0089                     i1l89:	
   679  0089  288B               	goto	i1l720
   680                           opt subtitle "HI-TECH Software Omniscient Code Generator (Lite mode) build 49521"
   681  008A                     i1l87:	
   682  008A  288B               	goto	i1l720
   683                           opt subtitle "HI-TECH Software Omniscient Code Generator (Lite mode) build 49521"
   684  008B                     i1l85:	
   685                           opt subtitle "HI-TECH Software Omniscient Code Generator (Lite mode) build 49521"
   686                           
   687  008B                     i1l720:	
   688                           opt subtitle "HI-TECH Software Omniscient Code Generator (Lite mode) build 49521"
   689                           
   690                           opt pagewidth 120
   691  008B  1C8B               	btfss	(89/8),(89)&7	;volatile
   692  008C  288E               	goto	u17_21
   693  008D  288F               	goto	u17_20
   694  008E                     u17_21:
   695  008E  28BC               	goto	i1l97
   696  008F                     u17_20:
   697                           opt subtitle "HI-TECH Software Omniscient Code Generator (Lite mode) build 49521"
   698  008F                     i1l722:	
   699  008F  1E0B               	btfss	(92/8),(92)&7	;volatile
   700  0090  2892               	goto	u18_21
   701  0091  2893               	goto	u18_20
   702  0092                     u18_21:
   703  0092  28BC               	goto	i1l97
   704  0093                     u18_20:
   705                           opt subtitle "HI-TECH Software Omniscient Code Generator (Lite mode) build 49521"
   706                           
   707  0093                     i1l724:	
   708                           opt subtitle "HI-TECH Software Omniscient Code Generator (Lite mode) build 49521"
   709                           
   710  0093  108B               	bcf	(89/8),(89)&7	;volatile
   711                           opt subtitle "HI-TECH Software Omniscient Code Generator (Lite mode) build 49521"
   712                           
   713  0094  1283               	bcf	status, 5	;RP0=0, select bank0
   714  0095  1C10               	btfss	(128/8),(128)&7	;volatile
   715  0096  2898               	goto	u19_21
   716  0097  2899               	goto	u19_20
   717  0098                     u19_21:
   718  0098  289D               	goto	i1l730
   719  0099                     u19_20:
   720                           opt subtitle "HI-TECH Software Omniscient Code Generator (Lite mode) build 49521"
   721                           
   722  0099                     i1l726:	
   723                           opt subtitle "HI-TECH Software Omniscient Code Generator (Lite mode) build 49521"
   724                           
   725  0099  3002               	movlw	1<<((41)&7)
   726  009A  0685               	xorwf	((41)/8),f
   727                           opt subtitle "HI-TECH Software Omniscient Code Generator (Lite mode) build 49521"
   728                           
   729  009B                     i1l728:	
   730                           opt subtitle "HI-TECH Software Omniscient Code Generator (Lite mode) build 49521"
   731  009B  2108               	fcall	_idle_loop
   732                           opt subtitle "HI-TECH Software Omniscient Code Generator (Lite mode) build 49521"
   733                           
   734  009C  28BC               	goto	i1l97
   735                           opt subtitle "HI-TECH Software Omniscient Code Generator (Lite mode) build 49521"
   736                           
   737  009D                     i1l92:	
   738                           opt subtitle "HI-TECH Software Omniscient Code Generator (Lite mode) build 49521"
   739                           
   740  009D                     i1l730:	
   741                           opt subtitle "HI-TECH Software Omniscient Code Generator (Lite mode) build 49521"
   742                           
   743                           opt pagewidth 120
   744  009D  2100               	fcall	_start
   745                           opt subtitle "HI-TECH Software Omniscient Code Generator (Lite mode) build 49521"
   746                           
   747  009E                     i1l732:	
   748                           opt subtitle "HI-TECH Software Omniscient Code Generator (Lite mode) build 49521"
   749  009E  1283               	bcf	status, 5	;RP0=0, select bank0
   750  009F  1485               	bsf	(41/8),(41)&7	;volatile
   751                           opt subtitle "HI-TECH Software Omniscient Code Generator (Lite mode) build 49521"
   752                           
   753  00A0                     i1l734:	
   754                           opt subtitle "HI-TECH Software Omniscient Code Generator (Lite mode) build 49521"
   755  00A0  01A6               	clrf	(ISR@tmp)
   756  00A1  01A7               	clrf	(ISR@tmp+1)
   757                           opt subtitle "HI-TECH Software Omniscient Code Generator (Lite mode) build 49521"
   758                           
   759  00A2  28A4               	goto	i1l736
   760                           opt subtitle "HI-TECH Software Omniscient Code Generator (Lite mode) build 49521"
   761  00A3                     i1l95:	
   762  00A3  28A4               	goto	i1l736
   763                           opt subtitle "HI-TECH Software Omniscient Code Generator (Lite mode) build 49521"
   764  00A4                     i1l94:	
   765                           opt subtitle "HI-TECH Software Omniscient Code Generator (Lite mode) build 49521"
   766  00A4                     i1l736:	
   767  00A4  3001               	movlw	low(01h)
   768  00A5  1283               	bcf	status, 5	;RP0=0, select bank0
   769  00A6  07A6               	addwf	(ISR@tmp),f
   770  00A7  1803               	skipnc
   771  00A8  0AA7               	incf	(ISR@tmp+1),f
   772  00A9  3000               	movlw	high(01h)
   773  00AA  07A7               	addwf	(ISR@tmp+1),f
   774  00AB  0827               	movf	((ISR@tmp+1)),w
   775  00AC  3A80               	xorlw	80h
   776  00AD  00DF               	movwf	btemp+1
   777  00AE  3081               	movlw	(high(01F4h))^80h
   778  00AF  025F               	subwf	btemp+1,w
   779  00B0  1D03               	skipz
   780  00B1  28B4               	goto	u20_25
   781  00B2  30F4               	movlw	low(01F4h)
   782  00B3  0226               	subwf	((ISR@tmp)),w
   783  00B4                     u20_25:
   784                           opt subtitle "HI-TECH Software Omniscient Code Generator (Lite mode) build 49521"
   785  00B4  1C03               	skipc
   786  00B5  28B7               	goto	u20_21
   787  00B6  28B8               	goto	u20_20
   788  00B7                     u20_21:
   789  00B7  28A4               	goto	i1l736
   790  00B8                     u20_20:
   791  00B8  28B9               	goto	i1l738
   792                           opt subtitle "HI-TECH Software Omniscient Code Generator (Lite mode) build 49521"
   793  00B9                     i1l96:	
   794                           opt subtitle "HI-TECH Software Omniscient Code Generator (Lite mode) build 49521"
   795                           
   796  00B9                     i1l738:	
   797                           opt subtitle "HI-TECH Software Omniscient Code Generator (Lite mode) build 49521"
   798  00B9  2108               	fcall	_idle_loop
   799  00BA  28BC               	goto	i1l97
   800                           opt subtitle "HI-TECH Software Omniscient Code Generator (Lite mode) build 49521"
   801                           
   802  00BB                     i1l93:	
   803  00BB  28BC               	goto	i1l97
   804                           opt subtitle "HI-TECH Software Omniscient Code Generator (Lite mode) build 49521"
   805                           
   806  00BC                     i1l91:	
   807                           opt subtitle "HI-TECH Software Omniscient Code Generator (Lite mode) build 49521"
   808                           
   809  00BC                     i1l97:	
   810  00BC  1283               	bcf	status, 5	;RP0=0, select bank0
   811  00BD  0825               	movf	(??_ISR+3),w
   812  00BE  00DF               	movwf	btemp+1
   813  00BF  0824               	movf	(??_ISR+2),w
   814  00C0  008A               	movwf	pclath
   815  00C1  0823               	movf	(??_ISR+1),w
   816  00C2  0084               	movwf	fsr0
   817  00C3  0E22               	swapf	(??_ISR+0)^00h,w
   818  00C4  0083               	movwf	status
   819  00C5  0EDE               	swapf	saved_w,f
   820  00C6  0E5E               	swapf	saved_w,w
   821  00C7  0009               	retfie
   822                           opt subtitle "HI-TECH Software Omniscient Code Generator (Lite mode) build 49521"
   823                           
   824  00C8                     	__end_of_ISR:
   825                           opt subtitle "HI-TECH Software Omniscient Code Generator (Lite mode) build 49521"
   826                           
   827                           opt pagewidth 120
   828                           
   829                           	opt lm
   830                           
   831                           	processor	12F675
   832                           clrc	macro
   833                           	bcf	3,0
   834                           	endm
   835                           clrz	macro
   836                           	bcf	3,2
   837                           	endm
   838                           setc	macro
   839                           	bsf	3,0
   840                           	endm
   841                           setz	macro
   842                           	bsf	3,2
   843                           	endm
   844                           skipc	macro
   845                           	btfss	3,0
   846                           	endm
   847                           skipz	macro
   848                           	btfss	3,2
   849                           	endm
   850                           skipnc	macro
   851                           	btfsc	3,0
   852                           	endm
   853                           skipnz	macro
   854                           	btfsc	3,2
   855                           	endm
   856                           indf	equ	0
   857                           indf0	equ	0
   858  00C8                     __ptext148:	;psect for function _blink
   859                           opt subtitle "HI-TECH Software Omniscient Code Generator (Lite mode) build 49521"
   860                           
   861                           opt pagewidth 120
   862                           
   863  0024                     	__size_of_blink	equ	__end_of_blink-_blink
   864                           opt subtitle "HI-TECH Software Omniscient Code Generator (Lite mode) build 49521"
   865  00C8                     _blink:	
   866                           opt subtitle "HI-TECH Software Omniscient Code Generator (Lite mode) build 49521"
   867                           
   868                           opt pagewidth 120
   869                           
   870  00C8                     i1l668:	
   871                           opt subtitle "HI-TECH Software Omniscient Code Generator (Lite mode) build 49521"
   872  00C8  160B               	bsf	(92/8),(92)&7	;volatile
   873                           opt subtitle "HI-TECH Software Omniscient Code Generator (Lite mode) build 49521"
   874                           
   875  00C9                     i1l670:	
   876                           opt subtitle "HI-TECH Software Omniscient Code Generator (Lite mode) build 49521"
   877  00C9  1283               	bcf	status, 5	;RP0=0, select bank0
   878  00CA  01A0               	clrf	(blink@tmp)
   879  00CB  01A1               	clrf	(blink@tmp+1)
   880  00CC  28CF               	goto	i1l672
   881                           opt subtitle "HI-TECH Software Omniscient Code Generator (Lite mode) build 49521"
   882                           
   883                           opt pagewidth 120
   884  00CD                     i1l61:	
   885                           opt subtitle "HI-TECH Software Omniscient Code Generator (Lite mode) build 49521"
   886                           
   887                           opt pagewidth 120
   888  00CD  28CF               	goto	i1l672
   889                           opt subtitle "HI-TECH Software Omniscient Code Generator (Lite mode) build 49521"
   890  00CE                     i1l63:	
   891  00CE  28CF               	goto	i1l672
   892                           opt subtitle "HI-TECH Software Omniscient Code Generator (Lite mode) build 49521"
   893  00CF                     i1l62:	
   894                           opt subtitle "HI-TECH Software Omniscient Code Generator (Lite mode) build 49521"
   895  00CF                     i1l672:	
   896  00CF  3001               	movlw	low(01h)
   897  00D0  1283               	bcf	status, 5	;RP0=0, select bank0
   898  00D1  07A0               	addwf	(blink@tmp),f
   899  00D2  1803               	skipnc
   900  00D3  0AA1               	incf	(blink@tmp+1),f
   901  00D4  3000               	movlw	high(01h)
   902  00D5  07A1               	addwf	(blink@tmp+1),f
   903  00D6  0821               	movf	((blink@tmp+1)),w
   904  00D7  3A80               	xorlw	80h
   905  00D8  00DF               	movwf	btemp+1
   906  00D9  3080               	movlw	(high(014h))^80h
   907  00DA  025F               	subwf	btemp+1,w
   908  00DB  1D03               	skipz
   909  00DC  28DF               	goto	u11_25
   910  00DD  3014               	movlw	low(014h)
   911  00DE  0220               	subwf	((blink@tmp)),w
   912  00DF                     u11_25:
   913                           opt subtitle "HI-TECH Software Omniscient Code Generator (Lite mode) build 49521"
   914  00DF  1C03               	skipc
   915  00E0  28E2               	goto	u11_21
   916  00E1  28E3               	goto	u11_20
   917  00E2                     u11_21:
   918  00E2  28CF               	goto	i1l672
   919  00E3                     u11_20:
   920  00E3  28E4               	goto	i1l674
   921                           opt subtitle "HI-TECH Software Omniscient Code Generator (Lite mode) build 49521"
   922  00E4                     i1l64:	
   923                           opt subtitle "HI-TECH Software Omniscient Code Generator (Lite mode) build 49521"
   924                           
   925  00E4                     i1l674:	
   926                           opt subtitle "HI-TECH Software Omniscient Code Generator (Lite mode) build 49521"
   927  00E4  3002               	movlw	1<<((41)&7)
   928  00E5  1283               	bcf	status, 5	;RP0=0, select bank0
   929  00E6  0685               	xorwf	((41)/8),f
   930                           opt subtitle "HI-TECH Software Omniscient Code Generator (Lite mode) build 49521"
   931                           
   932  00E7                     i1l676:	
   933                           opt subtitle "HI-TECH Software Omniscient Code Generator (Lite mode) build 49521"
   934  00E7  01A0               	clrf	(blink@tmp)
   935  00E8  01A1               	clrf	(blink@tmp+1)
   936  00E9  28CF               	goto	i1l672
   937                           opt subtitle "HI-TECH Software Omniscient Code Generator (Lite mode) build 49521"
   938                           
   939  00EA                     i1l65:	
   940                           opt subtitle "HI-TECH Software Omniscient Code Generator (Lite mode) build 49521"
   941  00EA  28CF               	goto	i1l672
   942                           opt subtitle "HI-TECH Software Omniscient Code Generator (Lite mode) build 49521"
   943  00EB                     i1l66:	
   944                           opt subtitle "HI-TECH Software Omniscient Code Generator (Lite mode) build 49521"
   945                           
   946  00EB                     i1l67:	
   947  00EB  0008               	return
   948                           opt subtitle "HI-TECH Software Omniscient Code Generator (Lite mode) build 49521"
   949                           
   950  00EC                     	__end_of_blink:
   951                           opt subtitle "HI-TECH Software Omniscient Code Generator (Lite mode) build 49521"
   952                           
   953                           opt pagewidth 120
   954                           
   955                           	opt lm
   956                           
   957                           	processor	12F675
   958                           clrc	macro
   959                           	bcf	3,0
   960                           	endm
   961                           clrz	macro
   962                           	bcf	3,2
   963                           	endm
   964                           setc	macro
   965                           	bsf	3,0
   966                           	endm
   967                           setz	macro
   968                           	bsf	3,2
   969                           	endm
   970                           skipc	macro
   971                           	btfss	3,0
   972                           	endm
   973                           skipz	macro
   974                           	btfss	3,2
   975                           	endm
   976                           skipnc	macro
   977                           	btfsc	3,0
   978                           	endm
   979                           skipnz	macro
   980                           	btfsc	3,2
   981                           	endm
   982                           indf	equ	0
   983                           indf0	equ	0
   984                           pc	equ	2
   985                           pcl	equ	2
   986  0100                     __ptext149:	;psect for function _start
   987                           opt subtitle "HI-TECH Software Omniscient Code Generator (Lite mode) build 49521"
   988                           
   989                           opt pagewidth 120
   990                           
   991  0005                     	__size_of_start	equ	__end_of_start-_start
   992                           opt subtitle "HI-TECH Software Omniscient Code Generator (Lite mode) build 49521"
   993  0100                     _start:	
   994                           opt subtitle "HI-TECH Software Omniscient Code Generator (Lite mode) build 49521"
   995                           
   996                           opt pagewidth 120
   997                           
   998  0100                     i1l686:	
   999                           opt subtitle "HI-TECH Software Omniscient Code Generator (Lite mode) build 49521"
  1000  0100  2105               	fcall	_stop
  1001                           opt subtitle "HI-TECH Software Omniscient Code Generator (Lite mode) build 49521"
  1002                           
  1003  0101                     i1l688:	
  1004                           opt subtitle "HI-TECH Software Omniscient Code Generator (Lite mode) build 49521"
  1005  0101  20EC               	fcall	_reset
  1006                           opt subtitle "HI-TECH Software Omniscient Code Generator (Lite mode) build 49521"
  1007                           
  1008  0102                     i1l690:	
  1009                           opt subtitle "HI-TECH Software Omniscient Code Generator (Lite mode) build 49521"
  1010  0102  1283               	bcf	status, 5	;RP0=0, select bank0
  1011  0103  1410               	bsf	(128/8),(128)&7	;volatile
  1012                           opt subtitle "HI-TECH Software Omniscient Code Generator (Lite mode) build 49521"
  1013                           
  1014  0104                     i1l70:	
  1015  0104  0008               	return
  1016                           opt subtitle "HI-TECH Software Omniscient Code Generator (Lite mode) build 49521"
  1017                           
  1018  0105                     	__end_of_start:
  1019                           opt subtitle "HI-TECH Software Omniscient Code Generator (Lite mode) build 49521"
  1020                           
  1021                           opt pagewidth 120
  1022                           
  1023                           	opt lm
  1024                           
  1025                           	processor	12F675
  1026                           clrc	macro
  1027                           	bcf	3,0
  1028                           	endm
  1029                           clrz	macro
  1030                           	bcf	3,2
  1031                           	endm
  1032                           setc	macro
  1033                           	bsf	3,0
  1034                           	endm
  1035                           setz	macro
  1036                           	bsf	3,2
  1037                           	endm
  1038                           skipc	macro
  1039                           	btfss	3,0
  1040                           	endm
  1041                           skipz	macro
  1042                           	btfss	3,2
  1043                           	endm
  1044                           skipnc	macro
  1045                           	btfsc	3,0
  1046                           	endm
  1047                           skipnz	macro
  1048                           	btfsc	3,2
  1049                           	endm
  1050                           indf	equ	0
  1051                           indf0	equ	0
  1052                           pc	equ	2
  1053  0105                     __ptext150:	;psect for function _stop
  1054                           opt subtitle "HI-TECH Software Omniscient Code Generator (Lite mode) build 49521"
  1055                           
  1056                           opt pagewidth 120
  1057                           
  1058  0003                     	__size_of_stop	equ	__end_of_stop-_stop
  1059                           opt subtitle "HI-TECH Software Omniscient Code Generator (Lite mode) build 49521"
  1060  0105                     _stop:	
  1061                           opt subtitle "HI-TECH Software Omniscient Code Generator (Lite mode) build 49521"
  1062                           
  1063                           opt pagewidth 120
  1064                           
  1065  0105                     i1l678:	
  1066                           opt subtitle "HI-TECH Software Omniscient Code Generator (Lite mode) build 49521"
  1067  0105  1283               	bcf	status, 5	;RP0=0, select bank0
  1068  0106  1010               	bcf	(128/8),(128)&7	;volatile
  1069                           opt subtitle "HI-TECH Software Omniscient Code Generator (Lite mode) build 49521"
  1070                           
  1071  0107                     i1l73:	
  1072  0107  0008               	return
  1073                           opt subtitle "HI-TECH Software Omniscient Code Generator (Lite mode) build 49521"
  1074                           
  1075  0108                     	__end_of_stop:
  1076                           opt subtitle "HI-TECH Software Omniscient Code Generator (Lite mode) build 49521"
  1077                           
  1078                           opt pagewidth 120
  1079                           
  1080                           	opt lm
  1081                           
  1082                           	processor	12F675
  1083                           clrc	macro
  1084                           	bcf	3,0
  1085                           	endm
  1086                           clrz	macro
  1087                           	bcf	3,2
  1088                           	endm
  1089                           setc	macro
  1090                           	bsf	3,0
  1091                           	endm
  1092                           setz	macro
  1093                           	bsf	3,2
  1094                           	endm
  1095                           skipc	macro
  1096                           	btfss	3,0
  1097                           	endm
  1098                           skipz	macro
  1099                           	btfss	3,2
  1100                           	endm
  1101                           skipnc	macro
  1102                           	btfsc	3,0
  1103                           	endm
  1104                           skipnz	macro
  1105                           	btfsc	3,2
  1106                           	endm
  1107                           indf	equ	0
  1108                           indf0	equ	0
  1109                           pc	equ	2
  1110  00EC                     __ptext151:	;psect for function _reset
  1111                           opt subtitle "HI-TECH Software Omniscient Code Generator (Lite mode) build 49521"
  1112                           
  1113                           opt pagewidth 120
  1114                           
  1115  000E                     	__size_of_reset	equ	__end_of_reset-_reset
  1116                           opt subtitle "HI-TECH Software Omniscient Code Generator (Lite mode) build 49521"
  1117  00EC                     _reset:	
  1118                           opt subtitle "HI-TECH Software Omniscient Code Generator (Lite mode) build 49521"
  1119                           
  1120                           opt pagewidth 120
  1121                           
  1122  00EC                     i1l680:	
  1123                           opt subtitle "HI-TECH Software Omniscient Code Generator (Lite mode) build 49521"
  1124  00EC  120B               	bcf	(92/8),(92)&7	;volatile
  1125                           opt subtitle "HI-TECH Software Omniscient Code Generator (Lite mode) build 49521"
  1126                           
  1127  00ED  1283               	bcf	status, 5	;RP0=0, select bank0
  1128  00EE  1010               	bcf	(128/8),(128)&7	;volatile
  1129                           opt subtitle "HI-TECH Software Omniscient Code Generator (Lite mode) build 49521"
  1130                           
  1131  00EF                     i1l682:	
  1132                           opt subtitle "HI-TECH Software Omniscient Code Generator (Lite mode) build 49521"
  1133  00EF  018E               	clrf	(14)	;volatile
  1134  00F0  018F               	clrf	(14+1)	;volatile
  1135                           opt subtitle "HI-TECH Software Omniscient Code Generator (Lite mode) build 49521"
  1136                           
  1137  00F1                     i1l684:	
  1138                           opt subtitle "HI-TECH Software Omniscient Code Generator (Lite mode) build 49521"
  1139  00F1  3000               	movlw	0
  1140  00F2  00AF               	movwf	(_count+3)
  1141  00F3  3000               	movlw	0
  1142  00F4  00AE               	movwf	(_count+2)
  1143  00F5  3000               	movlw	0
  1144  00F6  00AD               	movwf	(_count+1)
  1145  00F7  3000               	movlw	0
  1146  00F8  00AC               	movwf	(_count)
  1147                           opt subtitle "HI-TECH Software Omniscient Code Generator (Lite mode) build 49521"
  1148                           
  1149                           opt pagewidth 120
  1150  00F9                     i1l76:	
  1151  00F9  0008               	return
  1152                           opt subtitle "HI-TECH Software Omniscient Code Generator (Lite mode) build 49521"
  1153                           
  1154  00FA                     	__end_of_reset:
  1155                           opt subtitle "HI-TECH Software Omniscient Code Generator (Lite mode) build 49521"
  1156                           
  1157                           opt pagewidth 120
  1158                           
  1159                           	opt lm
  1160                           
  1161                           	processor	12F675
  1162                           clrc	macro
  1163                           	bcf	3,0
  1164                           	endm
  1165                           clrz	macro
  1166                           	bcf	3,2
  1167                           	endm
  1168                           setc	macro
  1169                           	bsf	3,0
  1170                           	endm
  1171                           setz	macro
  1172                           	bsf	3,2
  1173                           	endm
  1174                           skipc	macro
  1175                           	btfss	3,0
  1176                           	endm
  1177                           skipz	macro
  1178                           	btfss	3,2
  1179                           	endm
  1180                           skipnc	macro
  1181                           	btfsc	3,0
  1182                           	endm
  1183                           skipnz	macro
  1184                           	btfsc	3,2
  1185                           	endm
  1186                           indf	equ	0
  1187                           indf0	equ	0
  1188  0108                     __ptext152:	;psect for function _idle_loop
  1189                           opt subtitle "HI-TECH Software Omniscient Code Generator (Lite mode) build 49521"
  1190                           
  1191                           opt pagewidth 120
  1192                           
  1193  0002                     	__size_of_idle_loop	equ	__end_of_idle_loop-_idle_loop
  1194                           opt subtitle "HI-TECH Software Omniscient Code Generator (Lite mode) build 49521"
  1195  0108                     _idle_loop:	
  1196                           opt subtitle "HI-TECH Software Omniscient Code Generator (Lite mode) build 49521"
  1197                           
  1198                           opt pagewidth 120
  1199                           
  1200                           	opt lm
  1201  0108                     i1l79:	
  1202                           opt subtitle "HI-TECH Software Omniscient Code Generator (Lite mode) build 49521"
  1203  0108                     i1l80:	
  1204  0108  2908               	goto	i1l79
  1205                           opt subtitle "HI-TECH Software Omniscient Code Generator (Lite mode) build 49521"
  1206  0109                     i1l81:	
  1207                           opt subtitle "HI-TECH Software Omniscient Code Generator (Lite mode) build 49521"
  1208                           
  1209  0109                     i1l82:	
  1210  0109  0008               	return
  1211                           opt subtitle "HI-TECH Software Omniscient Code Generator (Lite mode) build 49521"
  1212                           
  1213  010A                     	__end_of_idle_loop:
  1214                           opt subtitle "HI-TECH Software Omniscient Code Generator (Lite mode) build 49521"
  1215                           
  1216                           opt pagewidth 120
  1217  0000                     __ptext153:	;psect for function _idle_loop
  1218                           opt subtitle "HI-TECH Software Omniscient Code Generator (Lite mode) build 49521"
  1219  005E                     	btemp set 05Eh
  1220                           opt subtitle "HI-TECH Software Omniscient Code Generator (Lite mode) build 49521"
  1221                           
  1222                           opt pagewidth 120
  1223  005E                     	wtemp0 set btemp


Data Sizes:
    Strings     0
    Constant    0
    Data        0
    BSS         4
    Persistent  0
    Stack       0

Auto Spaces:
    Space          Size  Autos    Used
    COMMON            0      0       0
    BANK0            62     12      16

Pointer List with Targets:

    None.

Critical Paths under _main in COMMON

    None.

Critical Paths under _ISR in COMMON

    None.

Critical Paths under _main in BANK0

    None.

Critical Paths under _ISR in BANK0

    _ISR->_blink

Call Graph Tables:

 ---------------------------------------------------------------------------------
 (Depth) Function   	        Calls       Base Space   Used Autos Params    Refs
 ---------------------------------------------------------------------------------
 (0) _main                                                 4     0      4       0
                                              8 BANK0      4     0      4
 ---------------------------------------------------------------------------------
 Estimated maximum stack depth 0
 ---------------------------------------------------------------------------------
 (Depth) Function   	        Calls       Base Space   Used Autos Params    Refs
 ---------------------------------------------------------------------------------
 (1) _ISR                                                  6     6      0      47
                                              2 BANK0      6     6      0
                          _idle_loop
                               _stop
                              _reset
                              _blink
                              _start
 ---------------------------------------------------------------------------------
 (2) _blink                                                2     2      0      24
                                              0 BANK0      2     2      0
 ---------------------------------------------------------------------------------
 (2) _start                                                0     0      0       0
                               _stop
                              _reset
 ---------------------------------------------------------------------------------
 (3) _stop                                                 0     0      0       0
 ---------------------------------------------------------------------------------
 (3) _reset                                                0     0      0       0
 ---------------------------------------------------------------------------------
 (2) _idle_loop                                            0     0      0       0
 ---------------------------------------------------------------------------------
 Estimated maximum stack depth 3
 ---------------------------------------------------------------------------------

 Call Graph Graphs:

 _main (ROOT)

 _ISR (ROOT)
   _idle_loop
   _stop
   _reset
   _blink
   _start
     _stop
     _reset

 Address spaces:
Name               Size   Autos  Total    Cost      Usage
BITCOMMON            0      0       0       0        0.0%
EEDATA              80      0       0       0        0.0%
NULL                 0      0       0       0        0.0%
CODE                 0      0       0       0        0.0%
BITSFR0              0      0       0       1        0.0%
SFR0                 0      0       0       1        0.0%
COMMON               0      0       0       1        0.0%
BITSFR1              0      0       0       2        0.0%
SFR1                 0      0       0       2        0.0%
STACK                0      0       6       2        0.0%
BITBANK0            3E      0       0       3        0.0%
BANK0               3E      C      10       4       25.8%
ABS                  0      0      10       5        0.0%
DATA                 0      0      16       6        0.0%


Microchip Technology PIC Macro Assembler V1.12 build 49521 
Symbol Table                                                                                   Sun Feb 10 19:46:10 2013

            __CFG_CP$OFF 0000                       l55 010A                      l666 010A  
                    _GIE 005F             __CFG_CPD$OFF 0000                      _ISR 0014  
                    _PSA 040B                      _WPU 0095                      fsr0 0004  
                   ?_ISR 0020                     _PEIE 005E                     _INTE 005C  
                   _INTF 0059                     i1l61 00CD                     i1l70 0104  
                   i1l62 00CF                     i1l63 00CE                     i1l80 0108  
                   i1l64 00E4                     i1l81 0109                     i1l73 0107  
                   i1l65 00EA                     i1l82 0109                     i1l66 00EB  
                   i1l90 0088                     i1l67 00EB                     i1l91 00BC  
                   i1l76 00F9                     i1l92 009D                     i1l93 00BB  
                   i1l85 008B                     i1l94 00A4                     i1l86 0047  
                   i1l79 0108                     i1l95 00A3                     i1l87 008A  
                   i1l96 00B9                     i1l88 006C                     i1l97 00BC  
                   i1l89 0089                     _TMR1 000E                     _nBOD 0470  
                   _nBOR 0470                     _nPOR 0471                     _main 010A  
                   btemp 005E                     _stop 0105                     start 000F  
                  ??_ISR 0022                    ?_main 0028            __CFG_WDTE$OFF 0000  
                  _ANSEL 009F                    ?_stop 0020                    _GPIO1 0029  
                  i1l700 0040                    i1l710 006A                    i1l702 0045  
                  i1l712 006C                    i1l704 0047                    i1l720 008B  
                  i1l730 009D                    i1l722 008F                    i1l714 0083  
                  i1l706 0068                    i1l732 009E                    i1l724 0093  
                  i1l716 0085                    i1l708 0069                    i1l670 00C9  
                  i1l734 00A0                    i1l726 0099                    i1l718 0086  
                  i1l680 00EC                    i1l672 00CF                    i1l736 00A4  
                  i1l728 009B                    i1l682 00EF                    i1l690 0102  
                  i1l674 00E4                    i1l738 00B9                    i1l684 00F1  
                  i1l676 00E7                    i1l668 00C8                    i1l692 0014  
                  i1l678 0105                    i1l686 0100                    i1l694 0019  
                  i1l688 0101                    i1l696 001E                    i1l698 0020  
                  u11_20 00E3                    u11_21 00E2                    u11_25 00DF  
                  u20_20 00B8                    u12_20 0019                    u20_21 00B7  
                  u12_21 0018                    u20_25 00B4                    u13_20 001E  
                  u13_21 001D                    u14_20 0040                    u14_21 003F  
                  u14_25 003C                    u15_20 0068                    u15_21 0067  
                  u15_25 0064                    u16_20 0083                    u16_21 0082  
                  u17_20 008F                    u17_21 008E                    u18_20 0093  
                  u18_21 0092                    u19_20 0099                    u19_21 0098  
                  _nGPPU 040F                    _blink 00C8                    _count 002C  
                  _reset 00EC                    _start 0100           __CFG_BOREN$OFF 0000  
                  pclath 000A                    status 0003                    wtemp0 005E  
         __CFG_MCLRE$OFF 0000          __initialization 00FA             __end_of_main 010B  
           __end_of_stop 0108                   ??_main 0000                   ??_stop 0000  
                 ISR@tmp 0026                   ?_blink 0020                   ?_reset 0020  
                 ?_start 0020                   _INTEDG 040E                   _TMR1GE 0086  
                 _TMR1IE 0460                   _TMR1IF 0060                   _TMR1CS 0081  
                 _TMR1ON 0080           __CFG_PWRTE$OFF 0000                   saved_w 005E  
__end_of__initialization 00FE           __pcstackCOMMON 0000            __end_of_blink 00EC  
          __end_of_reset 00FA            __end_of_start 0105       __size_of_idle_loop 0002  
                ??_blink 0000                  ??_reset 0000                  ??_start 0000  
             __pbssBANK0 002C               __pmaintext 010A               __pintentry 0004  
                _T1CKPS0 0084                  _T1CKPS1 0085                  _TRISIO1 0429  
                _TRISIO2 042A        __end_of_idle_loop 010A             __size_of_ISR 00B4  
   end_of_initialization 00FE      start_initialization 00FA              __end_of_ISR 00C8  
          __pcstackBANK0 0020                __ptext150 0105                __ptext151 00EC  
              __ptext152 0108                __ptext153 0000                __ptext146 0000  
              __ptext147 0014                __ptext148 00C8                __ptext149 0100  
              _idle_loop 0108           __size_of_blink 0024           __size_of_reset 000E  
         __size_of_start 0005        interrupt_function 0004               ?_idle_loop 0020  
          __size_of_main 0001            __size_of_stop 0003                 blink@tmp 0020  
               main@argc 0028                 main@argv 002A              ??_idle_loop 0000  
               intlevel1 0000        __CFG_FOSC$INTRCIO 0000  
